<?xml version="1.0" encoding="UTF-8"?>
<!-- Generated by org.testng.reporters.JUnitXMLReporter -->
<testsuite hostname="IFOCUS-LT36" name="Test" tests="4" failures="2" timestamp="21 Sep 2016 08:45:48 GMT" time="177.272" errors="0">
  <testcase name="deviceSettings" time="47.411" classname="com.ifocus.automation.Testscripts.BloodPressureTest"/>
  <testcase name="BPMeasureWeb" time="54.043" classname="com.ifocus.automation.Testscripts.BloodPressureTest">
    <failure type="java.lang.IndexOutOfBoundsException" message="Index: 0, Size: 0">
      <![CDATA[java.lang.IndexOutOfBoundsException: Index: 0, Size: 0
	at java.util.ArrayList.rangeCheck(ArrayList.java:653)
	at java.util.ArrayList.get(ArrayList.java:429)
	at org.openqa.selenium.support.pagefactory.internal.LocatingElementListHandler.invoke(LocatingElementListHandler.java:39)
	at com.sun.proxy.$Proxy6.get(Unknown Source)
	at com.ifocus.automation.Pages.WebCareConsolePage.goToDashboard(WebCareConsolePage.java:181)
	at com.ifocus.automation.Testscripts.BloodPressureTest.BPMeasureWeb(BloodPressureTest.java:46)
... Removed 28 stack frames]]>
    </failure>
  </testcase> <!-- BPMeasureWeb -->
  <testcase name="NoseBleedMobile" time="75.774" classname="com.ifocus.automation.Testscripts.NoseBleedTest">
    <failure type="org.openqa.selenium.WebDriverException" message="An unknown server-side error occurred while processing the command. (WARNING: The server did not provide any stacktrace information)
Command duration or timeout: 50.38 seconds
Build info: version: &amp;apos;2.53.0&amp;apos;, revision: &amp;apos;35ae25b&amp;apos;, time: &amp;apos;2016-03-15 17:00:58&amp;apos;
System info: host: &amp;apos;IFOCUS-LT36&amp;apos;, ip: &amp;apos;10.189.33.121&amp;apos;, os.name: &amp;apos;Windows 10&amp;apos;, os.arch: &amp;apos;amd64&amp;apos;, os.version: &amp;apos;10.0&amp;apos;, java.version: &amp;apos;1.8.0_101&amp;apos;
Driver info: org.openqa.selenium.remote.RemoteWebDriver
Capabilities [{appPackage=com.amchealth.careconsole.mobile, networkConnectionEnabled=true, warnings={}, databaseEnabled=false, deviceName=42f7e5222736bf55, platform=LINUX, appActivity=com.amchealth.careconsole.mobile.CareConsole, desired={appPackage=com.amchealth.careconsole.mobile, appActivity=com.amchealth.careconsole.mobile.CareConsole, BROWSER_NAME=Android, VERSION=4.4.2, platformName=Android, deviceName=Emulator}, platformVersion=4.4.2, BROWSER_NAME=Android, webStorageEnabled=false, locationContextEnabled=false, VERSION=4.4.2, browserName=Android, takesScreenshot=true, javascriptEnabled=true, platformName=Android}]
Session ID: d84f2a13-c5ca-4d33-b528-1e1b836739f3
*** Element info: {Using=name, value=Aug 28th, 2016}">
      <![CDATA[org.openqa.selenium.WebDriverException: An unknown server-side error occurred while processing the command. (WARNING: The server did not provide any stacktrace information)
Command duration or timeout: 50.38 seconds
Build info: version: '2.53.0', revision: '35ae25b', time: '2016-03-15 17:00:58'
System info: host: 'IFOCUS-LT36', ip: '10.189.33.121', os.name: 'Windows 10', os.arch: 'amd64', os.version: '10.0', java.version: '1.8.0_101'
Driver info: org.openqa.selenium.remote.RemoteWebDriver
Capabilities [{appPackage=com.amchealth.careconsole.mobile, networkConnectionEnabled=true, warnings={}, databaseEnabled=false, deviceName=42f7e5222736bf55, platform=LINUX, appActivity=com.amchealth.careconsole.mobile.CareConsole, desired={appPackage=com.amchealth.careconsole.mobile, appActivity=com.amchealth.careconsole.mobile.CareConsole, BROWSER_NAME=Android, VERSION=4.4.2, platformName=Android, deviceName=Emulator}, platformVersion=4.4.2, BROWSER_NAME=Android, webStorageEnabled=false, locationContextEnabled=false, VERSION=4.4.2, browserName=Android, takesScreenshot=true, javascriptEnabled=true, platformName=Android}]
Session ID: d84f2a13-c5ca-4d33-b528-1e1b836739f3
*** Element info: {Using=name, value=Aug 28th, 2016}
	at org.openqa.selenium.remote.ErrorHandler.createThrowable(ErrorHandler.java:206)
	at org.openqa.selenium.remote.ErrorHandler.throwIfResponseFailed(ErrorHandler.java:158)
	at org.openqa.selenium.remote.RemoteWebDriver.execute(RemoteWebDriver.java:678)
	at org.openqa.selenium.remote.RemoteWebDriver.findElement(RemoteWebDriver.java:363)
	at org.openqa.selenium.remote.RemoteWebDriver.findElementByName(RemoteWebDriver.java:461)
	at org.openqa.selenium.By$ByName.findElement(By.java:303)
	at org.openqa.selenium.remote.RemoteWebDriver.findElement(RemoteWebDriver.java:355)
	at com.ifocus.automation.Utilities.FrameworkUtilities.returnElement(FrameworkUtilities.java:65)
	at com.ifocus.automation.Pages.MobileCareConsolePage.makeJournalEntry(MobileCareConsolePage.java:61)
	at com.ifocus.automation.Testscripts.NoseBleedTest.NoseBleedMobile(NoseBleedTest.java:18)
... Removed 28 stack frames]]>
    </failure>
  </testcase> <!-- NoseBleedMobile -->
  <testcase name="NoseBleedWeb" time="0.0" classname="com.ifocus.automation.Testscripts.NoseBleedTest">
    <skipped/>
  </testcase> <!-- NoseBleedWeb -->
</testsuite> <!-- Test -->
