<?xml version="1.0" encoding="UTF-8"?>
<testng-results skipped="1" failed="2" total="5" passed="2">
  <reporter-output>
  </reporter-output>
  <suite name="Suite" duration-ms="90334" started-at="2016-09-19T12:44:59Z" finished-at="2016-09-19T12:46:30Z">
    <groups>
    </groups>
    <test name="Test" duration-ms="90334" started-at="2016-09-19T12:44:59Z" finished-at="2016-09-19T12:46:30Z">
      <class name="com.ifocus.automation.Testscripts.BloodPressureTest">
        <test-method status="PASS" signature="deviceSettings()[pri:1, instance:com.ifocus.automation.Testscripts.BloodPressureTest@63d4e2ba]" name="deviceSettings" duration-ms="38268" started-at="2016-09-19T18:14:59Z" finished-at="2016-09-19T18:15:38Z">
          <reporter-output>
          </reporter-output>
        </test-method> <!-- deviceSettings -->
        <test-method status="PASS" signature="BPMeasureMobile()[pri:2, instance:com.ifocus.automation.Testscripts.BloodPressureTest@63d4e2ba]" name="BPMeasureMobile" duration-ms="4372" started-at="2016-09-19T18:15:38Z" depends-on-methods="com.ifocus.automation.Testscripts.BloodPressureTest.deviceSettings" finished-at="2016-09-19T18:15:42Z">
          <reporter-output>
          </reporter-output>
        </test-method> <!-- BPMeasureMobile -->
        <test-method status="FAIL" signature="BPMeasureWeb()[pri:3, instance:com.ifocus.automation.Testscripts.BloodPressureTest@63d4e2ba]" name="BPMeasureWeb" duration-ms="47659" started-at="2016-09-19T18:15:42Z" depends-on-methods="com.ifocus.automation.Testscripts.BloodPressureTest.BPMeasureMobile" finished-at="2016-09-19T18:16:30Z">
          <exception class="java.lang.IndexOutOfBoundsException">
            <message>
              <![CDATA[Index: 0, Size: 0]]>
            </message>
            <full-stacktrace>
              <![CDATA[java.lang.IndexOutOfBoundsException: Index: 0, Size: 0
	at java.util.ArrayList.rangeCheck(ArrayList.java:653)
	at java.util.ArrayList.get(ArrayList.java:429)
	at sun.reflect.NativeMethodAccessorImpl.invoke0(Native Method)
	at sun.reflect.NativeMethodAccessorImpl.invoke(NativeMethodAccessorImpl.java:62)
	at sun.reflect.DelegatingMethodAccessorImpl.invoke(DelegatingMethodAccessorImpl.java:43)
	at java.lang.reflect.Method.invoke(Method.java:498)
	at org.openqa.selenium.support.pagefactory.internal.LocatingElementListHandler.invoke(LocatingElementListHandler.java:39)
	at com.sun.proxy.$Proxy5.get(Unknown Source)
	at com.ifocus.automation.Pages.WebCareConsolePage.goToDashboard(WebCareConsolePage.java:180)
	at com.ifocus.automation.Testscripts.BloodPressureTest.BPMeasureWeb(BloodPressureTest.java:46)
	at sun.reflect.NativeMethodAccessorImpl.invoke0(Native Method)
	at sun.reflect.NativeMethodAccessorImpl.invoke(NativeMethodAccessorImpl.java:62)
	at sun.reflect.DelegatingMethodAccessorImpl.invoke(DelegatingMethodAccessorImpl.java:43)
	at java.lang.reflect.Method.invoke(Method.java:498)
	at org.testng.internal.MethodInvocationHelper.invokeMethod(MethodInvocationHelper.java:85)
	at org.testng.internal.Invoker.invokeMethod(Invoker.java:639)
	at org.testng.internal.Invoker.invokeTestMethod(Invoker.java:816)
	at org.testng.internal.Invoker.invokeTestMethods(Invoker.java:1124)
	at org.testng.internal.TestMethodWorker.invokeTestMethods(TestMethodWorker.java:125)
	at org.testng.internal.TestMethodWorker.run(TestMethodWorker.java:108)
	at org.testng.TestRunner.privateRun(TestRunner.java:774)
	at org.testng.TestRunner.run(TestRunner.java:624)
	at org.testng.SuiteRunner.runTest(SuiteRunner.java:359)
	at org.testng.SuiteRunner.runSequentially(SuiteRunner.java:354)
	at org.testng.SuiteRunner.privateRun(SuiteRunner.java:312)
	at org.testng.SuiteRunner.run(SuiteRunner.java:261)
	at org.testng.SuiteRunnerWorker.runSuite(SuiteRunnerWorker.java:52)
	at org.testng.SuiteRunnerWorker.run(SuiteRunnerWorker.java:86)
	at org.testng.TestNG.runSuitesSequentially(TestNG.java:1215)
	at org.testng.TestNG.runSuitesLocally(TestNG.java:1140)
	at org.testng.TestNG.run(TestNG.java:1048)
	at org.testng.TestNG.privateMain(TestNG.java:1355)
	at org.testng.TestNG.main(TestNG.java:1324)
]]>
            </full-stacktrace>
          </exception> <!-- java.lang.IndexOutOfBoundsException -->
          <reporter-output>
          </reporter-output>
        </test-method> <!-- BPMeasureWeb -->
      </class> <!-- com.ifocus.automation.Testscripts.BloodPressureTest -->
      <class name="com.ifocus.automation.Testscripts.NoseBleedTest">
        <test-method status="FAIL" signature="NoseBleedMobile()[pri:1, instance:com.ifocus.automation.Testscripts.NoseBleedTest@7006c658]" name="NoseBleedMobile" duration-ms="22" started-at="2016-09-19T18:16:30Z" finished-at="2016-09-19T18:16:30Z">
          <exception class="org.openqa.selenium.SessionNotCreatedException">
            <message>
              <![CDATA[A new session could not be created. (Original error: Requested a new session but one was in progress) (WARNING: The server did not provide any stacktrace information)
Command duration or timeout: 19 milliseconds
Build info: version: '2.53.0', revision: '35ae25b', time: '2016-03-15 17:00:58'
System info: host: 'IFOCUSODC-PC34', ip: '10.189.33.84', os.name: 'Windows 7', os.arch: 'amd64', os.version: '6.1', java.version: '1.8.0_91'
Driver info: org.openqa.selenium.remote.RemoteWebDriver]]>
            </message>
            <full-stacktrace>
              <![CDATA[org.openqa.selenium.SessionNotCreatedException: A new session could not be created. (Original error: Requested a new session but one was in progress) (WARNING: The server did not provide any stacktrace information)
Command duration or timeout: 19 milliseconds
Build info: version: '2.53.0', revision: '35ae25b', time: '2016-03-15 17:00:58'
System info: host: 'IFOCUSODC-PC34', ip: '10.189.33.84', os.name: 'Windows 7', os.arch: 'amd64', os.version: '6.1', java.version: '1.8.0_91'
Driver info: org.openqa.selenium.remote.RemoteWebDriver
	at sun.reflect.NativeConstructorAccessorImpl.newInstance0(Native Method)
	at sun.reflect.NativeConstructorAccessorImpl.newInstance(NativeConstructorAccessorImpl.java:62)
	at sun.reflect.DelegatingConstructorAccessorImpl.newInstance(DelegatingConstructorAccessorImpl.java:45)
	at java.lang.reflect.Constructor.newInstance(Constructor.java:423)
	at org.openqa.selenium.remote.ErrorHandler.createThrowable(ErrorHandler.java:206)
	at org.openqa.selenium.remote.ErrorHandler.throwIfResponseFailed(ErrorHandler.java:158)
	at org.openqa.selenium.remote.RemoteWebDriver.execute(RemoteWebDriver.java:678)
	at org.openqa.selenium.remote.RemoteWebDriver.startSession(RemoteWebDriver.java:249)
	at org.openqa.selenium.remote.RemoteWebDriver.<init>(RemoteWebDriver.java:131)
	at org.openqa.selenium.remote.RemoteWebDriver.<init>(RemoteWebDriver.java:158)
	at com.ifocus.automation.Testscripts.BaseClass.openMobileCC(BaseClass.java:53)
	at com.ifocus.automation.Pages.MobileCareConsolePage.makeJournalEntry(MobileCareConsolePage.java:38)
	at com.ifocus.automation.Testscripts.NoseBleedTest.NoseBleedMobile(NoseBleedTest.java:18)
	at sun.reflect.NativeMethodAccessorImpl.invoke0(Native Method)
	at sun.reflect.NativeMethodAccessorImpl.invoke(NativeMethodAccessorImpl.java:62)
	at sun.reflect.DelegatingMethodAccessorImpl.invoke(DelegatingMethodAccessorImpl.java:43)
	at java.lang.reflect.Method.invoke(Method.java:498)
	at org.testng.internal.MethodInvocationHelper.invokeMethod(MethodInvocationHelper.java:85)
	at org.testng.internal.Invoker.invokeMethod(Invoker.java:639)
	at org.testng.internal.Invoker.invokeTestMethod(Invoker.java:816)
	at org.testng.internal.Invoker.invokeTestMethods(Invoker.java:1124)
	at org.testng.internal.TestMethodWorker.invokeTestMethods(TestMethodWorker.java:125)
	at org.testng.internal.TestMethodWorker.run(TestMethodWorker.java:108)
	at org.testng.TestRunner.privateRun(TestRunner.java:774)
	at org.testng.TestRunner.run(TestRunner.java:624)
	at org.testng.SuiteRunner.runTest(SuiteRunner.java:359)
	at org.testng.SuiteRunner.runSequentially(SuiteRunner.java:354)
	at org.testng.SuiteRunner.privateRun(SuiteRunner.java:312)
	at org.testng.SuiteRunner.run(SuiteRunner.java:261)
	at org.testng.SuiteRunnerWorker.runSuite(SuiteRunnerWorker.java:52)
	at org.testng.SuiteRunnerWorker.run(SuiteRunnerWorker.java:86)
	at org.testng.TestNG.runSuitesSequentially(TestNG.java:1215)
	at org.testng.TestNG.runSuitesLocally(TestNG.java:1140)
	at org.testng.TestNG.run(TestNG.java:1048)
	at org.testng.TestNG.privateMain(TestNG.java:1355)
	at org.testng.TestNG.main(TestNG.java:1324)
]]>
            </full-stacktrace>
          </exception> <!-- org.openqa.selenium.SessionNotCreatedException -->
          <reporter-output>
          </reporter-output>
        </test-method> <!-- NoseBleedMobile -->
        <test-method status="SKIP" signature="NoseBleedWeb()[pri:2, instance:com.ifocus.automation.Testscripts.NoseBleedTest@7006c658]" name="NoseBleedWeb" duration-ms="0" started-at="2016-09-19T18:16:30Z" depends-on-methods="com.ifocus.automation.Testscripts.NoseBleedTest.NoseBleedMobile" finished-at="2016-09-19T18:16:30Z">
          <exception class="java.lang.Throwable">
            <message>
              <![CDATA[Method NoseBleedTest.NoseBleedWeb()[pri:2, instance:com.ifocus.automation.Testscripts.NoseBleedTest@7006c658] depends on not successfully finished methods]]>
            </message>
            <full-stacktrace>
              <![CDATA[java.lang.Throwable: Method NoseBleedTest.NoseBleedWeb()[pri:2, instance:com.ifocus.automation.Testscripts.NoseBleedTest@7006c658] depends on not successfully finished methods
	at org.testng.internal.Invoker.invokeTestMethods(Invoker.java:1033)
	at org.testng.internal.TestMethodWorker.invokeTestMethods(TestMethodWorker.java:125)
	at org.testng.internal.TestMethodWorker.run(TestMethodWorker.java:108)
	at org.testng.TestRunner.privateRun(TestRunner.java:774)
	at org.testng.TestRunner.run(TestRunner.java:624)
	at org.testng.SuiteRunner.runTest(SuiteRunner.java:359)
	at org.testng.SuiteRunner.runSequentially(SuiteRunner.java:354)
	at org.testng.SuiteRunner.privateRun(SuiteRunner.java:312)
	at org.testng.SuiteRunner.run(SuiteRunner.java:261)
	at org.testng.SuiteRunnerWorker.runSuite(SuiteRunnerWorker.java:52)
	at org.testng.SuiteRunnerWorker.run(SuiteRunnerWorker.java:86)
	at org.testng.TestNG.runSuitesSequentially(TestNG.java:1215)
	at org.testng.TestNG.runSuitesLocally(TestNG.java:1140)
	at org.testng.TestNG.run(TestNG.java:1048)
	at org.testng.TestNG.privateMain(TestNG.java:1355)
	at org.testng.TestNG.main(TestNG.java:1324)
]]>
            </full-stacktrace>
          </exception> <!-- java.lang.Throwable -->
          <reporter-output>
          </reporter-output>
        </test-method> <!-- NoseBleedWeb -->
      </class> <!-- com.ifocus.automation.Testscripts.NoseBleedTest -->
    </test> <!-- Test -->
  </suite> <!-- Suite -->
</testng-results>
